[12:37:56] [ServerMain/INFO]: [bootstrap] Running Java 22 (Java HotSpot(TM) 64-Bit Server VM 22.0.1+8-16; Oracle Corporation null) on Mac OS X 14.6.1 (aarch64)
[12:37:56] [ServerMain/INFO]: [bootstrap] Loading Paper 1.21.1-26-master@52ae4ad (2024-08-16T22:44:55Z) for Minecraft 1.21.1
[12:37:57] [ServerMain/INFO]: [PluginInitializerManager] Initializing plugins...
[12:37:57] [ServerMain/INFO]: [PluginInitializerManager] Initialized 0 plugins
[12:37:57] [Paper Plugin Remapper Thread - 1/INFO]: [ReobfServer] Remapping server...
[12:37:59] [ServerMain/INFO]: Environment: Environment[sessionHost=https://sessionserver.mojang.com, servicesHost=https://api.minecraftservices.com, name=PROD]
[12:37:59] [ServerMain/INFO]: Found new data pack file/bukkit, loading it automatically
[12:37:59] [ServerMain/INFO]: Found new data pack paper, loading it automatically
[12:38:00] [ServerMain/INFO]: No existing world data, creating new world
[12:38:00] [ServerMain/INFO]: Loaded 1290 recipes
[12:38:00] [ServerMain/INFO]: Loaded 1399 advancements
[12:38:00] [Server thread/INFO]: Starting minecraft server version 1.21.1
[12:38:00] [Server thread/INFO]: Loading properties
[12:38:00] [Server thread/INFO]: This server is running Paper version 1.21.1-26-master@52ae4ad (2024-08-16T22:44:55Z) (Implementing API version 1.21.1-R0.1-SNAPSHOT)
[12:38:00] [Paper Plugin Remapper Thread - 1/INFO]: [ReobfServer] Done remapping server in 3296ms.
[12:38:01] [Server thread/INFO]: [spark] This server bundles the spark profiler. For more information please visit https://docs.papermc.io/paper/profiling
[12:38:01] [Server thread/INFO]: Using 4 threads for Netty based IO
[12:38:01] [Server thread/INFO]: Server Ping Player Sample Count: 12
[12:38:01] [Server thread/INFO]: [ChunkTaskScheduler] Chunk system is using 1 I/O threads, 2 worker threads, and population gen parallelism of 2 threads
[12:38:01] [Server thread/INFO]: Default game type: SURVIVAL
[12:38:01] [Server thread/INFO]: Generating keypair
[12:38:01] [Server thread/INFO]: Starting Minecraft server on *:25565
[12:38:01] [Server thread/INFO]: Using default channel type
[12:38:02] [Server thread/INFO]: Paper: Using libdeflate (macOS ARM64 / Apple Silicon) compression from Velocity.
[12:38:02] [Server thread/INFO]: Paper: Using native (macOS ARM64 / Apple Silicon) cipher from Velocity.
[12:38:02] [Server thread/INFO]: Preparing level "world"
[12:38:05] [Server thread/INFO]: Preparing start region for dimension minecraft:overworld
[12:38:07] [Server thread/INFO]: Time elapsed: 1992 ms
[12:38:07] [Server thread/INFO]: Preparing start region for dimension minecraft:the_nether
[12:38:07] [Server thread/INFO]: Time elapsed: 601 ms
[12:38:07] [Server thread/INFO]: Preparing start region for dimension minecraft:the_end
[12:38:08] [Server thread/INFO]: Time elapsed: 169 ms
[12:38:08] [Server thread/INFO]: [spark] Starting background profiler...
[12:38:09] [Server thread/INFO]: Done preparing level "world" (6.909s)
[12:38:09] [Server thread/INFO]: Running delayed init tasks
[12:38:09] [Server thread/INFO]: Done (12.895s)! For help, type "help"
[12:38:09] [Server thread/INFO]: *************************************************************************************
[12:38:09] [Server thread/INFO]: This is the first time you're starting this server.
[12:38:09] [Server thread/INFO]: It's recommended you read our 'Getting Started' documentation for guidance.
[12:38:09] [Server thread/INFO]: View this and more helpful information here: https://docs.papermc.io/paper/next-steps
[12:38:09] [Server thread/INFO]: *************************************************************************************
[12:38:09] [Server thread/INFO]: Timings Reset
